
*** Running vivado
    with args -log design_1_axi_dma_0_0.vds -m64 -product Vivado -mode batch -messageDb vivado.pb -notrace -source design_1_axi_dma_0_0.tcl


****** Vivado v2017.2 (64-bit)
  **** SW Build 1909853 on Thu Jun 15 18:39:10 MDT 2017
  **** IP Build 1909766 on Thu Jun 15 19:58:00 MDT 2017
    ** Copyright 1986-2017 Xilinx, Inc. All Rights Reserved.

source design_1_axi_dma_0_0.tcl -notrace
Starting RTL Elaboration : Time (s): cpu = 00:00:07 ; elapsed = 00:00:07 . Memory (MB): peak = 1214.645 ; gain = 76.996 ; free physical = 811 ; free virtual = 10789
INFO: [Synth 8-638] synthesizing module 'design_1_axi_dma_0_0' [/home/yanxiang/Develop/vivado/back/Zybo-DMA/src/bd/design_1/ip/design_1_axi_dma_0_0/synth/design_1_axi_dma_0_0.vhd:128]
INFO: [Synth 8-638] synthesizing module 'axi_dma' [/home/yanxiang/Develop/vivado/back/Zybo-DMA/src/bd/design_1/ipshared/bb0b/hdl/axi_dma_v7_1_vh_rfs.vhd:21830]
INFO: [Synth 8-638] synthesizing module 'axi_dma_rst_module' [/home/yanxiang/Develop/vivado/back/Zybo-DMA/src/bd/design_1/ipshared/bb0b/hdl/axi_dma_v7_1_vh_rfs.vhd:1595]
INFO: [Synth 8-638] synthesizing module 'cdc_sync' [/home/yanxiang/Develop/vivado/back/Zybo-DMA/src/bd/design_1/ipshared/52cb/hdl/lib_cdc_v1_0_rfs.vhd:106]
INFO: [Synth 8-256] done synthesizing module 'cdc_sync' (1#1) [/home/yanxiang/Develop/vivado/back/Zybo-DMA/src/bd/design_1/ipshared/52cb/hdl/lib_cdc_v1_0_rfs.vhd:106]
INFO: [Synth 8-638] synthesizing module 'axi_dma_reset' [/home/yanxiang/Develop/vivado/back/Zybo-DMA/src/bd/design_1/ipshared/bb0b/hdl/axi_dma_v7_1_vh_rfs.vhd:603]
INFO: [Synth 8-256] done synthesizing module 'axi_dma_reset' (2#1) [/home/yanxiang/Develop/vivado/back/Zybo-DMA/src/bd/design_1/ipshared/bb0b/hdl/axi_dma_v7_1_vh_rfs.vhd:603]
INFO: [Synth 8-256] done synthesizing module 'axi_dma_rst_module' (3#1) [/home/yanxiang/Develop/vivado/back/Zybo-DMA/src/bd/design_1/ipshared/bb0b/hdl/axi_dma_v7_1_vh_rfs.vhd:1595]
INFO: [Synth 8-638] synthesizing module 'axi_dma_reg_module' [/home/yanxiang/Develop/vivado/back/Zybo-DMA/src/bd/design_1/ipshared/bb0b/hdl/axi_dma_v7_1_vh_rfs.vhd:8254]
INFO: [Synth 8-638] synthesizing module 'axi_dma_lite_if' [/home/yanxiang/Develop/vivado/back/Zybo-DMA/src/bd/design_1/ipshared/bb0b/hdl/axi_dma_v7_1_vh_rfs.vhd:2066]
INFO: [Synth 8-256] done synthesizing module 'axi_dma_lite_if' (4#1) [/home/yanxiang/Develop/vivado/back/Zybo-DMA/src/bd/design_1/ipshared/bb0b/hdl/axi_dma_v7_1_vh_rfs.vhd:2066]
INFO: [Synth 8-638] synthesizing module 'axi_dma_register' [/home/yanxiang/Develop/vivado/back/Zybo-DMA/src/bd/design_1/ipshared/bb0b/hdl/axi_dma_v7_1_vh_rfs.vhd:3604]
INFO: [Synth 8-256] done synthesizing module 'axi_dma_register' (5#1) [/home/yanxiang/Develop/vivado/back/Zybo-DMA/src/bd/design_1/ipshared/bb0b/hdl/axi_dma_v7_1_vh_rfs.vhd:3604]
INFO: [Synth 8-638] synthesizing module 'axi_dma_register_s2mm' [/home/yanxiang/Develop/vivado/back/Zybo-DMA/src/bd/design_1/ipshared/bb0b/hdl/axi_dma_v7_1_vh_rfs.vhd:4837]
INFO: [Synth 8-256] done synthesizing module 'axi_dma_register_s2mm' (6#1) [/home/yanxiang/Develop/vivado/back/Zybo-DMA/src/bd/design_1/ipshared/bb0b/hdl/axi_dma_v7_1_vh_rfs.vhd:4837]
INFO: [Synth 8-256] done synthesizing module 'axi_dma_reg_module' (7#1) [/home/yanxiang/Develop/vivado/back/Zybo-DMA/src/bd/design_1/ipshared/bb0b/hdl/axi_dma_v7_1_vh_rfs.vhd:8254]
INFO: [Synth 8-638] synthesizing module 'axi_dma_mm2s_mngr' [/home/yanxiang/Develop/vivado/back/Zybo-DMA/src/bd/design_1/ipshared/bb0b/hdl/axi_dma_v7_1_vh_rfs.vhd:14884]
INFO: [Synth 8-638] synthesizing module 'axi_dma_smple_sm' [/home/yanxiang/Develop/vivado/back/Zybo-DMA/src/bd/design_1/ipshared/bb0b/hdl/axi_dma_v7_1_vh_rfs.vhd:11685]
INFO: [Synth 8-256] done synthesizing module 'axi_dma_smple_sm' (8#1) [/home/yanxiang/Develop/vivado/back/Zybo-DMA/src/bd/design_1/ipshared/bb0b/hdl/axi_dma_v7_1_vh_rfs.vhd:11685]
INFO: [Synth 8-638] synthesizing module 'axi_dma_mm2s_cmdsts_if' [/home/yanxiang/Develop/vivado/back/Zybo-DMA/src/bd/design_1/ipshared/bb0b/hdl/axi_dma_v7_1_vh_rfs.vhd:13668]
INFO: [Synth 8-256] done synthesizing module 'axi_dma_mm2s_cmdsts_if' (9#1) [/home/yanxiang/Develop/vivado/back/Zybo-DMA/src/bd/design_1/ipshared/bb0b/hdl/axi_dma_v7_1_vh_rfs.vhd:13668]
INFO: [Synth 8-638] synthesizing module 'axi_dma_mm2s_sts_mngr' [/home/yanxiang/Develop/vivado/back/Zybo-DMA/src/bd/design_1/ipshared/bb0b/hdl/axi_dma_v7_1_vh_rfs.vhd:13983]
INFO: [Synth 8-256] done synthesizing module 'axi_dma_mm2s_sts_mngr' (10#1) [/home/yanxiang/Develop/vivado/back/Zybo-DMA/src/bd/design_1/ipshared/bb0b/hdl/axi_dma_v7_1_vh_rfs.vhd:13983]
INFO: [Synth 8-256] done synthesizing module 'axi_dma_mm2s_mngr' (11#1) [/home/yanxiang/Develop/vivado/back/Zybo-DMA/src/bd/design_1/ipshared/bb0b/hdl/axi_dma_v7_1_vh_rfs.vhd:14884]
INFO: [Synth 8-638] synthesizing module 'axi_dma_sofeof_gen' [/home/yanxiang/Develop/vivado/back/Zybo-DMA/src/bd/design_1/ipshared/bb0b/hdl/axi_dma_v7_1_vh_rfs.vhd:11155]
INFO: [Synth 8-256] done synthesizing module 'axi_dma_sofeof_gen' (12#1) [/home/yanxiang/Develop/vivado/back/Zybo-DMA/src/bd/design_1/ipshared/bb0b/hdl/axi_dma_v7_1_vh_rfs.vhd:11155]
INFO: [Synth 8-638] synthesizing module 'axi_dma_s2mm_mngr' [/home/yanxiang/Develop/vivado/back/Zybo-DMA/src/bd/design_1/ipshared/bb0b/hdl/axi_dma_v7_1_vh_rfs.vhd:20222]
INFO: [Synth 8-638] synthesizing module 'axi_dma_s2mm_cmdsts_if' [/home/yanxiang/Develop/vivado/back/Zybo-DMA/src/bd/design_1/ipshared/bb0b/hdl/axi_dma_v7_1_vh_rfs.vhd:18487]
INFO: [Synth 8-256] done synthesizing module 'axi_dma_s2mm_cmdsts_if' (13#1) [/home/yanxiang/Develop/vivado/back/Zybo-DMA/src/bd/design_1/ipshared/bb0b/hdl/axi_dma_v7_1_vh_rfs.vhd:18487]
INFO: [Synth 8-638] synthesizing module 'axi_dma_s2mm_sts_mngr' [/home/yanxiang/Develop/vivado/back/Zybo-DMA/src/bd/design_1/ipshared/bb0b/hdl/axi_dma_v7_1_vh_rfs.vhd:18917]
INFO: [Synth 8-256] done synthesizing module 'axi_dma_s2mm_sts_mngr' (14#1) [/home/yanxiang/Develop/vivado/back/Zybo-DMA/src/bd/design_1/ipshared/bb0b/hdl/axi_dma_v7_1_vh_rfs.vhd:18917]
INFO: [Synth 8-256] done synthesizing module 'axi_dma_s2mm_mngr' (15#1) [/home/yanxiang/Develop/vivado/back/Zybo-DMA/src/bd/design_1/ipshared/bb0b/hdl/axi_dma_v7_1_vh_rfs.vhd:20222]
INFO: [Synth 8-638] synthesizing module 'axi_datamover' [/home/yanxiang/Develop/vivado/back/Zybo-DMA/src/bd/design_1/ipshared/43a6/hdl/axi_datamover_v5_1_vh_rfs.vhd:55410]
INFO: [Synth 8-638] synthesizing module 'axi_datamover_mm2s_full_wrap' [/home/yanxiang/Develop/vivado/back/Zybo-DMA/src/bd/design_1/ipshared/43a6/hdl/axi_datamover_v5_1_vh_rfs.vhd:53548]
INFO: [Synth 8-638] synthesizing module 'axi_datamover_reset' [/home/yanxiang/Develop/vivado/back/Zybo-DMA/src/bd/design_1/ipshared/43a6/hdl/axi_datamover_v5_1_vh_rfs.vhd:153]
INFO: [Synth 8-256] done synthesizing module 'axi_datamover_reset' (16#1) [/home/yanxiang/Develop/vivado/back/Zybo-DMA/src/bd/design_1/ipshared/43a6/hdl/axi_datamover_v5_1_vh_rfs.vhd:153]
INFO: [Synth 8-638] synthesizing module 'axi_datamover_cmd_status' [/home/yanxiang/Develop/vivado/back/Zybo-DMA/src/bd/design_1/ipshared/43a6/hdl/axi_datamover_v5_1_vh_rfs.vhd:2693]
INFO: [Synth 8-638] synthesizing module 'axi_datamover_fifo' [/home/yanxiang/Develop/vivado/back/Zybo-DMA/src/bd/design_1/ipshared/43a6/hdl/axi_datamover_v5_1_vh_rfs.vhd:1881]
INFO: [Synth 8-256] done synthesizing module 'axi_datamover_fifo' (17#1) [/home/yanxiang/Develop/vivado/back/Zybo-DMA/src/bd/design_1/ipshared/43a6/hdl/axi_datamover_v5_1_vh_rfs.vhd:1881]
INFO: [Synth 8-638] synthesizing module 'axi_datamover_fifo__parameterized0' [/home/yanxiang/Develop/vivado/back/Zybo-DMA/src/bd/design_1/ipshared/43a6/hdl/axi_datamover_v5_1_vh_rfs.vhd:1881]
INFO: [Synth 8-256] done synthesizing module 'axi_datamover_fifo__parameterized0' (17#1) [/home/yanxiang/Develop/vivado/back/Zybo-DMA/src/bd/design_1/ipshared/43a6/hdl/axi_datamover_v5_1_vh_rfs.vhd:1881]
INFO: [Synth 8-256] done synthesizing module 'axi_datamover_cmd_status' (18#1) [/home/yanxiang/Develop/vivado/back/Zybo-DMA/src/bd/design_1/ipshared/43a6/hdl/axi_datamover_v5_1_vh_rfs.vhd:2693]
INFO: [Synth 8-638] synthesizing module 'axi_datamover_rd_status_cntl' [/home/yanxiang/Develop/vivado/back/Zybo-DMA/src/bd/design_1/ipshared/43a6/hdl/axi_datamover_v5_1_vh_rfs.vhd:13741]
INFO: [Synth 8-256] done synthesizing module 'axi_datamover_rd_status_cntl' (19#1) [/home/yanxiang/Develop/vivado/back/Zybo-DMA/src/bd/design_1/ipshared/43a6/hdl/axi_datamover_v5_1_vh_rfs.vhd:13741]
INFO: [Synth 8-638] synthesizing module 'axi_datamover_pcc' [/home/yanxiang/Develop/vivado/back/Zybo-DMA/src/bd/design_1/ipshared/43a6/hdl/axi_datamover_v5_1_vh_rfs.vhd:7411]
INFO: [Synth 8-638] synthesizing module 'axi_datamover_strb_gen2' [/home/yanxiang/Develop/vivado/back/Zybo-DMA/src/bd/design_1/ipshared/43a6/hdl/axi_datamover_v5_1_vh_rfs.vhd:4337]
INFO: [Synth 8-256] done synthesizing module 'axi_datamover_strb_gen2' (20#1) [/home/yanxiang/Develop/vivado/back/Zybo-DMA/src/bd/design_1/ipshared/43a6/hdl/axi_datamover_v5_1_vh_rfs.vhd:4337]
INFO: [Synth 8-638] synthesizing module 'axi_datamover_strb_gen2__parameterized0' [/home/yanxiang/Develop/vivado/back/Zybo-DMA/src/bd/design_1/ipshared/43a6/hdl/axi_datamover_v5_1_vh_rfs.vhd:4337]
INFO: [Synth 8-256] done synthesizing module 'axi_datamover_strb_gen2__parameterized0' (20#1) [/home/yanxiang/Develop/vivado/back/Zybo-DMA/src/bd/design_1/ipshared/43a6/hdl/axi_datamover_v5_1_vh_rfs.vhd:4337]
INFO: [Synth 8-256] done synthesizing module 'axi_datamover_pcc' (21#1) [/home/yanxiang/Develop/vivado/back/Zybo-DMA/src/bd/design_1/ipshared/43a6/hdl/axi_datamover_v5_1_vh_rfs.vhd:7411]
INFO: [Synth 8-638] synthesizing module 'axi_datamover_addr_cntl' [/home/yanxiang/Develop/vivado/back/Zybo-DMA/src/bd/design_1/ipshared/43a6/hdl/axi_datamover_v5_1_vh_rfs.vhd:9995]
INFO: [Synth 8-638] synthesizing module 'axi_datamover_fifo__parameterized1' [/home/yanxiang/Develop/vivado/back/Zybo-DMA/src/bd/design_1/ipshared/43a6/hdl/axi_datamover_v5_1_vh_rfs.vhd:1881]
INFO: [Synth 8-638] synthesizing module 'srl_fifo_f' [/home/yanxiang/Develop/vivado/back/Zybo-DMA/src/bd/design_1/ipshared/6039/hdl/lib_srl_fifo_v1_0_rfs.vhd:1000]
INFO: [Synth 8-638] synthesizing module 'srl_fifo_rbu_f' [/home/yanxiang/Develop/vivado/back/Zybo-DMA/src/bd/design_1/ipshared/6039/hdl/lib_srl_fifo_v1_0_rfs.vhd:697]
INFO: [Synth 8-638] synthesizing module 'cntr_incr_decr_addn_f' [/home/yanxiang/Develop/vivado/back/Zybo-DMA/src/bd/design_1/ipshared/6039/hdl/lib_srl_fifo_v1_0_rfs.vhd:143]
INFO: [Synth 8-256] done synthesizing module 'cntr_incr_decr_addn_f' (22#1) [/home/yanxiang/Develop/vivado/back/Zybo-DMA/src/bd/design_1/ipshared/6039/hdl/lib_srl_fifo_v1_0_rfs.vhd:143]
INFO: [Synth 8-638] synthesizing module 'dynshreg_f' [/home/yanxiang/Develop/vivado/back/Zybo-DMA/src/bd/design_1/ipshared/6039/hdl/lib_srl_fifo_v1_0_rfs.vhd:397]
INFO: [Synth 8-256] done synthesizing module 'dynshreg_f' (23#1) [/home/yanxiang/Develop/vivado/back/Zybo-DMA/src/bd/design_1/ipshared/6039/hdl/lib_srl_fifo_v1_0_rfs.vhd:397]
INFO: [Synth 8-256] done synthesizing module 'srl_fifo_rbu_f' (24#1) [/home/yanxiang/Develop/vivado/back/Zybo-DMA/src/bd/design_1/ipshared/6039/hdl/lib_srl_fifo_v1_0_rfs.vhd:697]
INFO: [Synth 8-256] done synthesizing module 'srl_fifo_f' (25#1) [/home/yanxiang/Develop/vivado/back/Zybo-DMA/src/bd/design_1/ipshared/6039/hdl/lib_srl_fifo_v1_0_rfs.vhd:1000]
INFO: [Synth 8-256] done synthesizing module 'axi_datamover_fifo__parameterized1' (25#1) [/home/yanxiang/Develop/vivado/back/Zybo-DMA/src/bd/design_1/ipshared/43a6/hdl/axi_datamover_v5_1_vh_rfs.vhd:1881]
INFO: [Synth 8-256] done synthesizing module 'axi_datamover_addr_cntl' (26#1) [/home/yanxiang/Develop/vivado/back/Zybo-DMA/src/bd/design_1/ipshared/43a6/hdl/axi_datamover_v5_1_vh_rfs.vhd:9995]
INFO: [Synth 8-638] synthesizing module 'axi_datamover_rddata_cntl' [/home/yanxiang/Develop/vivado/back/Zybo-DMA/src/bd/design_1/ipshared/43a6/hdl/axi_datamover_v5_1_vh_rfs.vhd:12180]
INFO: [Synth 8-638] synthesizing module 'axi_datamover_rdmux' [/home/yanxiang/Develop/vivado/back/Zybo-DMA/src/bd/design_1/ipshared/43a6/hdl/axi_datamover_v5_1_vh_rfs.vhd:10676]
INFO: [Synth 8-256] done synthesizing module 'axi_datamover_rdmux' (27#1) [/home/yanxiang/Develop/vivado/back/Zybo-DMA/src/bd/design_1/ipshared/43a6/hdl/axi_datamover_v5_1_vh_rfs.vhd:10676]
INFO: [Synth 8-638] synthesizing module 'axi_datamover_fifo__parameterized2' [/home/yanxiang/Develop/vivado/back/Zybo-DMA/src/bd/design_1/ipshared/43a6/hdl/axi_datamover_v5_1_vh_rfs.vhd:1881]
INFO: [Synth 8-638] synthesizing module 'srl_fifo_f__parameterized0' [/home/yanxiang/Develop/vivado/back/Zybo-DMA/src/bd/design_1/ipshared/6039/hdl/lib_srl_fifo_v1_0_rfs.vhd:1000]
INFO: [Synth 8-638] synthesizing module 'srl_fifo_rbu_f__parameterized0' [/home/yanxiang/Develop/vivado/back/Zybo-DMA/src/bd/design_1/ipshared/6039/hdl/lib_srl_fifo_v1_0_rfs.vhd:697]
INFO: [Synth 8-638] synthesizing module 'dynshreg_f__parameterized0' [/home/yanxiang/Develop/vivado/back/Zybo-DMA/src/bd/design_1/ipshared/6039/hdl/lib_srl_fifo_v1_0_rfs.vhd:397]
INFO: [Synth 8-256] done synthesizing module 'dynshreg_f__parameterized0' (27#1) [/home/yanxiang/Develop/vivado/back/Zybo-DMA/src/bd/design_1/ipshared/6039/hdl/lib_srl_fifo_v1_0_rfs.vhd:397]
INFO: [Synth 8-256] done synthesizing module 'srl_fifo_rbu_f__parameterized0' (27#1) [/home/yanxiang/Develop/vivado/back/Zybo-DMA/src/bd/design_1/ipshared/6039/hdl/lib_srl_fifo_v1_0_rfs.vhd:697]
INFO: [Synth 8-256] done synthesizing module 'srl_fifo_f__parameterized0' (27#1) [/home/yanxiang/Develop/vivado/back/Zybo-DMA/src/bd/design_1/ipshared/6039/hdl/lib_srl_fifo_v1_0_rfs.vhd:1000]
INFO: [Synth 8-256] done synthesizing module 'axi_datamover_fifo__parameterized2' (27#1) [/home/yanxiang/Develop/vivado/back/Zybo-DMA/src/bd/design_1/ipshared/43a6/hdl/axi_datamover_v5_1_vh_rfs.vhd:1881]
INFO: [Synth 8-256] done synthesizing module 'axi_datamover_rddata_cntl' (28#1) [/home/yanxiang/Develop/vivado/back/Zybo-DMA/src/bd/design_1/ipshared/43a6/hdl/axi_datamover_v5_1_vh_rfs.vhd:12180]
INFO: [Synth 8-638] synthesizing module 'axi_datamover_rd_sf' [/home/yanxiang/Develop/vivado/back/Zybo-DMA/src/bd/design_1/ipshared/43a6/hdl/axi_datamover_v5_1_vh_rfs.vhd:20200]
INFO: [Synth 8-638] synthesizing module 'axi_datamover_fifo__parameterized3' [/home/yanxiang/Develop/vivado/back/Zybo-DMA/src/bd/design_1/ipshared/43a6/hdl/axi_datamover_v5_1_vh_rfs.vhd:1881]
INFO: [Synth 8-638] synthesizing module 'srl_fifo_f__parameterized1' [/home/yanxiang/Develop/vivado/back/Zybo-DMA/src/bd/design_1/ipshared/6039/hdl/lib_srl_fifo_v1_0_rfs.vhd:1000]
INFO: [Synth 8-638] synthesizing module 'srl_fifo_rbu_f__parameterized1' [/home/yanxiang/Develop/vivado/back/Zybo-DMA/src/bd/design_1/ipshared/6039/hdl/lib_srl_fifo_v1_0_rfs.vhd:697]
INFO: [Synth 8-638] synthesizing module 'dynshreg_f__parameterized1' [/home/yanxiang/Develop/vivado/back/Zybo-DMA/src/bd/design_1/ipshared/6039/hdl/lib_srl_fifo_v1_0_rfs.vhd:397]
INFO: [Synth 8-256] done synthesizing module 'dynshreg_f__parameterized1' (28#1) [/home/yanxiang/Develop/vivado/back/Zybo-DMA/src/bd/design_1/ipshared/6039/hdl/lib_srl_fifo_v1_0_rfs.vhd:397]
INFO: [Synth 8-256] done synthesizing module 'srl_fifo_rbu_f__parameterized1' (28#1) [/home/yanxiang/Develop/vivado/back/Zybo-DMA/src/bd/design_1/ipshared/6039/hdl/lib_srl_fifo_v1_0_rfs.vhd:697]
INFO: [Synth 8-256] done synthesizing module 'srl_fifo_f__parameterized1' (28#1) [/home/yanxiang/Develop/vivado/back/Zybo-DMA/src/bd/design_1/ipshared/6039/hdl/lib_srl_fifo_v1_0_rfs.vhd:1000]
INFO: [Synth 8-256] done synthesizing module 'axi_datamover_fifo__parameterized3' (28#1) [/home/yanxiang/Develop/vivado/back/Zybo-DMA/src/bd/design_1/ipshared/43a6/hdl/axi_datamover_v5_1_vh_rfs.vhd:1881]
INFO: [Synth 8-638] synthesizing module 'axi_datamover_sfifo_autord' [/home/yanxiang/Develop/vivado/back/Zybo-DMA/src/bd/design_1/ipshared/43a6/hdl/axi_datamover_v5_1_vh_rfs.vhd:1294]
INFO: [Synth 8-638] synthesizing module 'sync_fifo_fg' [/home/yanxiang/Develop/vivado/back/Zybo-DMA/src/bd/design_1/ipshared/c387/hdl/lib_fifo_v1_0_rfs.vhd:2097]
INFO: [Synth 8-256] done synthesizing module 'sync_fifo_fg' (57#1) [/home/yanxiang/Develop/vivado/back/Zybo-DMA/src/bd/design_1/ipshared/c387/hdl/lib_fifo_v1_0_rfs.vhd:2097]
INFO: [Synth 8-256] done synthesizing module 'axi_datamover_sfifo_autord' (58#1) [/home/yanxiang/Develop/vivado/back/Zybo-DMA/src/bd/design_1/ipshared/43a6/hdl/axi_datamover_v5_1_vh_rfs.vhd:1294]
INFO: [Synth 8-256] done synthesizing module 'axi_datamover_rd_sf' (59#1) [/home/yanxiang/Develop/vivado/back/Zybo-DMA/src/bd/design_1/ipshared/43a6/hdl/axi_datamover_v5_1_vh_rfs.vhd:20200]
INFO: [Synth 8-638] synthesizing module 'axi_datamover_skid_buf' [/home/yanxiang/Develop/vivado/back/Zybo-DMA/src/bd/design_1/ipshared/43a6/hdl/axi_datamover_v5_1_vh_rfs.vhd:19492]
INFO: [Synth 8-256] done synthesizing module 'axi_datamover_skid_buf' (60#1) [/home/yanxiang/Develop/vivado/back/Zybo-DMA/src/bd/design_1/ipshared/43a6/hdl/axi_datamover_v5_1_vh_rfs.vhd:19492]
INFO: [Synth 8-256] done synthesizing module 'axi_datamover_mm2s_full_wrap' (61#1) [/home/yanxiang/Develop/vivado/back/Zybo-DMA/src/bd/design_1/ipshared/43a6/hdl/axi_datamover_v5_1_vh_rfs.vhd:53548]
INFO: [Synth 8-638] synthesizing module 'axi_datamover_s2mm_full_wrap' [/home/yanxiang/Develop/vivado/back/Zybo-DMA/src/bd/design_1/ipshared/43a6/hdl/axi_datamover_v5_1_vh_rfs.vhd:49982]
INFO: [Synth 8-638] synthesizing module 'axi_datamover_cmd_status__parameterized0' [/home/yanxiang/Develop/vivado/back/Zybo-DMA/src/bd/design_1/ipshared/43a6/hdl/axi_datamover_v5_1_vh_rfs.vhd:2693]
INFO: [Synth 8-638] synthesizing module 'axi_datamover_fifo__parameterized4' [/home/yanxiang/Develop/vivado/back/Zybo-DMA/src/bd/design_1/ipshared/43a6/hdl/axi_datamover_v5_1_vh_rfs.vhd:1881]
INFO: [Synth 8-256] done synthesizing module 'axi_datamover_fifo__parameterized4' (61#1) [/home/yanxiang/Develop/vivado/back/Zybo-DMA/src/bd/design_1/ipshared/43a6/hdl/axi_datamover_v5_1_vh_rfs.vhd:1881]
INFO: [Synth 8-256] done synthesizing module 'axi_datamover_cmd_status__parameterized0' (61#1) [/home/yanxiang/Develop/vivado/back/Zybo-DMA/src/bd/design_1/ipshared/43a6/hdl/axi_datamover_v5_1_vh_rfs.vhd:2693]
INFO: [Synth 8-638] synthesizing module 'axi_datamover_wr_status_cntl' [/home/yanxiang/Develop/vivado/back/Zybo-DMA/src/bd/design_1/ipshared/43a6/hdl/axi_datamover_v5_1_vh_rfs.vhd:17697]
INFO: [Synth 8-638] synthesizing module 'axi_datamover_fifo__parameterized5' [/home/yanxiang/Develop/vivado/back/Zybo-DMA/src/bd/design_1/ipshared/43a6/hdl/axi_datamover_v5_1_vh_rfs.vhd:1881]
INFO: [Synth 8-638] synthesizing module 'srl_fifo_f__parameterized2' [/home/yanxiang/Develop/vivado/back/Zybo-DMA/src/bd/design_1/ipshared/6039/hdl/lib_srl_fifo_v1_0_rfs.vhd:1000]
INFO: [Synth 8-638] synthesizing module 'srl_fifo_rbu_f__parameterized2' [/home/yanxiang/Develop/vivado/back/Zybo-DMA/src/bd/design_1/ipshared/6039/hdl/lib_srl_fifo_v1_0_rfs.vhd:697]
INFO: [Synth 8-638] synthesizing module 'cntr_incr_decr_addn_f__parameterized0' [/home/yanxiang/Develop/vivado/back/Zybo-DMA/src/bd/design_1/ipshared/6039/hdl/lib_srl_fifo_v1_0_rfs.vhd:143]
INFO: [Synth 8-256] done synthesizing module 'cntr_incr_decr_addn_f__parameterized0' (61#1) [/home/yanxiang/Develop/vivado/back/Zybo-DMA/src/bd/design_1/ipshared/6039/hdl/lib_srl_fifo_v1_0_rfs.vhd:143]
INFO: [Synth 8-638] synthesizing module 'dynshreg_f__parameterized2' [/home/yanxiang/Develop/vivado/back/Zybo-DMA/src/bd/design_1/ipshared/6039/hdl/lib_srl_fifo_v1_0_rfs.vhd:397]
INFO: [Synth 8-256] done synthesizing module 'dynshreg_f__parameterized2' (61#1) [/home/yanxiang/Develop/vivado/back/Zybo-DMA/src/bd/design_1/ipshared/6039/hdl/lib_srl_fifo_v1_0_rfs.vhd:397]
INFO: [Synth 8-256] done synthesizing module 'srl_fifo_rbu_f__parameterized2' (61#1) [/home/yanxiang/Develop/vivado/back/Zybo-DMA/src/bd/design_1/ipshared/6039/hdl/lib_srl_fifo_v1_0_rfs.vhd:697]
INFO: [Synth 8-256] done synthesizing module 'srl_fifo_f__parameterized2' (61#1) [/home/yanxiang/Develop/vivado/back/Zybo-DMA/src/bd/design_1/ipshared/6039/hdl/lib_srl_fifo_v1_0_rfs.vhd:1000]
INFO: [Synth 8-256] done synthesizing module 'axi_datamover_fifo__parameterized5' (61#1) [/home/yanxiang/Develop/vivado/back/Zybo-DMA/src/bd/design_1/ipshared/43a6/hdl/axi_datamover_v5_1_vh_rfs.vhd:1881]
INFO: [Synth 8-638] synthesizing module 'axi_datamover_fifo__parameterized6' [/home/yanxiang/Develop/vivado/back/Zybo-DMA/src/bd/design_1/ipshared/43a6/hdl/axi_datamover_v5_1_vh_rfs.vhd:1881]
INFO: [Synth 8-638] synthesizing module 'srl_fifo_f__parameterized3' [/home/yanxiang/Develop/vivado/back/Zybo-DMA/src/bd/design_1/ipshared/6039/hdl/lib_srl_fifo_v1_0_rfs.vhd:1000]
INFO: [Synth 8-638] synthesizing module 'srl_fifo_rbu_f__parameterized3' [/home/yanxiang/Develop/vivado/back/Zybo-DMA/src/bd/design_1/ipshared/6039/hdl/lib_srl_fifo_v1_0_rfs.vhd:697]
INFO: [Synth 8-638] synthesizing module 'dynshreg_f__parameterized3' [/home/yanxiang/Develop/vivado/back/Zybo-DMA/src/bd/design_1/ipshared/6039/hdl/lib_srl_fifo_v1_0_rfs.vhd:397]
INFO: [Synth 8-256] done synthesizing module 'dynshreg_f__parameterized3' (61#1) [/home/yanxiang/Develop/vivado/back/Zybo-DMA/src/bd/design_1/ipshared/6039/hdl/lib_srl_fifo_v1_0_rfs.vhd:397]
INFO: [Synth 8-256] done synthesizing module 'srl_fifo_rbu_f__parameterized3' (61#1) [/home/yanxiang/Develop/vivado/back/Zybo-DMA/src/bd/design_1/ipshared/6039/hdl/lib_srl_fifo_v1_0_rfs.vhd:697]
INFO: [Synth 8-256] done synthesizing module 'srl_fifo_f__parameterized3' (61#1) [/home/yanxiang/Develop/vivado/back/Zybo-DMA/src/bd/design_1/ipshared/6039/hdl/lib_srl_fifo_v1_0_rfs.vhd:1000]
INFO: [Synth 8-256] done synthesizing module 'axi_datamover_fifo__parameterized6' (61#1) [/home/yanxiang/Develop/vivado/back/Zybo-DMA/src/bd/design_1/ipshared/43a6/hdl/axi_datamover_v5_1_vh_rfs.vhd:1881]
INFO: [Synth 8-256] done synthesizing module 'axi_datamover_wr_status_cntl' (62#1) [/home/yanxiang/Develop/vivado/back/Zybo-DMA/src/bd/design_1/ipshared/43a6/hdl/axi_datamover_v5_1_vh_rfs.vhd:17697]
INFO: [Synth 8-638] synthesizing module 'axi_datamover_ibttcc' [/home/yanxiang/Develop/vivado/back/Zybo-DMA/src/bd/design_1/ipshared/43a6/hdl/axi_datamover_v5_1_vh_rfs.vhd:25723]
INFO: [Synth 8-256] done synthesizing module 'axi_datamover_ibttcc' (63#1) [/home/yanxiang/Develop/vivado/back/Zybo-DMA/src/bd/design_1/ipshared/43a6/hdl/axi_datamover_v5_1_vh_rfs.vhd:25723]
INFO: [Synth 8-638] synthesizing module 'axi_datamover_s2mm_realign' [/home/yanxiang/Develop/vivado/back/Zybo-DMA/src/bd/design_1/ipshared/43a6/hdl/axi_datamover_v5_1_vh_rfs.vhd:46998]
INFO: [Synth 8-638] synthesizing module 'axi_datamover_fifo__parameterized7' [/home/yanxiang/Develop/vivado/back/Zybo-DMA/src/bd/design_1/ipshared/43a6/hdl/axi_datamover_v5_1_vh_rfs.vhd:1881]
INFO: [Synth 8-638] synthesizing module 'srl_fifo_f__parameterized4' [/home/yanxiang/Develop/vivado/back/Zybo-DMA/src/bd/design_1/ipshared/6039/hdl/lib_srl_fifo_v1_0_rfs.vhd:1000]
INFO: [Synth 8-638] synthesizing module 'srl_fifo_rbu_f__parameterized4' [/home/yanxiang/Develop/vivado/back/Zybo-DMA/src/bd/design_1/ipshared/6039/hdl/lib_srl_fifo_v1_0_rfs.vhd:697]
INFO: [Synth 8-638] synthesizing module 'dynshreg_f__parameterized4' [/home/yanxiang/Develop/vivado/back/Zybo-DMA/src/bd/design_1/ipshared/6039/hdl/lib_srl_fifo_v1_0_rfs.vhd:397]
INFO: [Synth 8-256] done synthesizing module 'dynshreg_f__parameterized4' (63#1) [/home/yanxiang/Develop/vivado/back/Zybo-DMA/src/bd/design_1/ipshared/6039/hdl/lib_srl_fifo_v1_0_rfs.vhd:397]
INFO: [Synth 8-256] done synthesizing module 'srl_fifo_rbu_f__parameterized4' (63#1) [/home/yanxiang/Develop/vivado/back/Zybo-DMA/src/bd/design_1/ipshared/6039/hdl/lib_srl_fifo_v1_0_rfs.vhd:697]
INFO: [Synth 8-256] done synthesizing module 'srl_fifo_f__parameterized4' (63#1) [/home/yanxiang/Develop/vivado/back/Zybo-DMA/src/bd/design_1/ipshared/6039/hdl/lib_srl_fifo_v1_0_rfs.vhd:1000]
INFO: [Synth 8-256] done synthesizing module 'axi_datamover_fifo__parameterized7' (63#1) [/home/yanxiang/Develop/vivado/back/Zybo-DMA/src/bd/design_1/ipshared/43a6/hdl/axi_datamover_v5_1_vh_rfs.vhd:1881]
INFO: [Synth 8-638] synthesizing module 'axi_datamover_s2mm_scatter' [/home/yanxiang/Develop/vivado/back/Zybo-DMA/src/bd/design_1/ipshared/43a6/hdl/axi_datamover_v5_1_vh_rfs.vhd:45105]
INFO: [Synth 8-638] synthesizing module 'axi_datamover_mssai_skid_buf' [/home/yanxiang/Develop/vivado/back/Zybo-DMA/src/bd/design_1/ipshared/43a6/hdl/axi_datamover_v5_1_vh_rfs.vhd:44155]
INFO: [Synth 8-638] synthesizing module 'axi_datamover_ms_strb_set' [/home/yanxiang/Develop/vivado/back/Zybo-DMA/src/bd/design_1/ipshared/43a6/hdl/axi_datamover_v5_1_vh_rfs.vhd:42595]
INFO: [Synth 8-256] done synthesizing module 'axi_datamover_ms_strb_set' (64#1) [/home/yanxiang/Develop/vivado/back/Zybo-DMA/src/bd/design_1/ipshared/43a6/hdl/axi_datamover_v5_1_vh_rfs.vhd:42595]
INFO: [Synth 8-256] done synthesizing module 'axi_datamover_mssai_skid_buf' (65#1) [/home/yanxiang/Develop/vivado/back/Zybo-DMA/src/bd/design_1/ipshared/43a6/hdl/axi_datamover_v5_1_vh_rfs.vhd:44155]
INFO: [Synth 8-638] synthesizing module 'axi_datamover_slice' [/home/yanxiang/Develop/vivado/back/Zybo-DMA/src/bd/design_1/ipshared/43a6/hdl/axi_datamover_v5_1_vh_rfs.vhd:44844]
INFO: [Synth 8-256] done synthesizing module 'axi_datamover_slice' (66#1) [/home/yanxiang/Develop/vivado/back/Zybo-DMA/src/bd/design_1/ipshared/43a6/hdl/axi_datamover_v5_1_vh_rfs.vhd:44844]
INFO: [Synth 8-638] synthesizing module 'axi_datamover_fifo__parameterized8' [/home/yanxiang/Develop/vivado/back/Zybo-DMA/src/bd/design_1/ipshared/43a6/hdl/axi_datamover_v5_1_vh_rfs.vhd:1881]
INFO: [Synth 8-638] synthesizing module 'srl_fifo_f__parameterized5' [/home/yanxiang/Develop/vivado/back/Zybo-DMA/src/bd/design_1/ipshared/6039/hdl/lib_srl_fifo_v1_0_rfs.vhd:1000]
INFO: [Synth 8-638] synthesizing module 'srl_fifo_rbu_f__parameterized5' [/home/yanxiang/Develop/vivado/back/Zybo-DMA/src/bd/design_1/ipshared/6039/hdl/lib_srl_fifo_v1_0_rfs.vhd:697]
INFO: [Synth 8-638] synthesizing module 'cntr_incr_decr_addn_f__parameterized1' [/home/yanxiang/Develop/vivado/back/Zybo-DMA/src/bd/design_1/ipshared/6039/hdl/lib_srl_fifo_v1_0_rfs.vhd:143]
INFO: [Synth 8-256] done synthesizing module 'cntr_incr_decr_addn_f__parameterized1' (66#1) [/home/yanxiang/Develop/vivado/back/Zybo-DMA/src/bd/design_1/ipshared/6039/hdl/lib_srl_fifo_v1_0_rfs.vhd:143]
INFO: [Synth 8-638] synthesizing module 'dynshreg_f__parameterized5' [/home/yanxiang/Develop/vivado/back/Zybo-DMA/src/bd/design_1/ipshared/6039/hdl/lib_srl_fifo_v1_0_rfs.vhd:397]
INFO: [Synth 8-256] done synthesizing module 'dynshreg_f__parameterized5' (66#1) [/home/yanxiang/Develop/vivado/back/Zybo-DMA/src/bd/design_1/ipshared/6039/hdl/lib_srl_fifo_v1_0_rfs.vhd:397]
INFO: [Synth 8-256] done synthesizing module 'srl_fifo_rbu_f__parameterized5' (66#1) [/home/yanxiang/Develop/vivado/back/Zybo-DMA/src/bd/design_1/ipshared/6039/hdl/lib_srl_fifo_v1_0_rfs.vhd:697]
INFO: [Synth 8-256] done synthesizing module 'srl_fifo_f__parameterized5' (66#1) [/home/yanxiang/Develop/vivado/back/Zybo-DMA/src/bd/design_1/ipshared/6039/hdl/lib_srl_fifo_v1_0_rfs.vhd:1000]
INFO: [Synth 8-256] done synthesizing module 'axi_datamover_fifo__parameterized8' (66#1) [/home/yanxiang/Develop/vivado/back/Zybo-DMA/src/bd/design_1/ipshared/43a6/hdl/axi_datamover_v5_1_vh_rfs.vhd:1881]
INFO: [Synth 8-256] done synthesizing module 'axi_datamover_s2mm_scatter' (67#1) [/home/yanxiang/Develop/vivado/back/Zybo-DMA/src/bd/design_1/ipshared/43a6/hdl/axi_datamover_v5_1_vh_rfs.vhd:45105]
INFO: [Synth 8-256] done synthesizing module 'axi_datamover_s2mm_realign' (68#1) [/home/yanxiang/Develop/vivado/back/Zybo-DMA/src/bd/design_1/ipshared/43a6/hdl/axi_datamover_v5_1_vh_rfs.vhd:46998]
INFO: [Synth 8-638] synthesizing module 'axi_datamover_indet_btt' [/home/yanxiang/Develop/vivado/back/Zybo-DMA/src/bd/design_1/ipshared/43a6/hdl/axi_datamover_v5_1_vh_rfs.vhd:28422]
INFO: [Synth 8-638] synthesizing module 'axi_datamover_stbs_set_nodre' [/home/yanxiang/Develop/vivado/back/Zybo-DMA/src/bd/design_1/ipshared/43a6/hdl/axi_datamover_v5_1_vh_rfs.vhd:24201]
INFO: [Synth 8-256] done synthesizing module 'axi_datamover_stbs_set_nodre' (69#1) [/home/yanxiang/Develop/vivado/back/Zybo-DMA/src/bd/design_1/ipshared/43a6/hdl/axi_datamover_v5_1_vh_rfs.vhd:24201]
INFO: [Synth 8-638] synthesizing module 'axi_datamover_sfifo_autord__parameterized0' [/home/yanxiang/Develop/vivado/back/Zybo-DMA/src/bd/design_1/ipshared/43a6/hdl/axi_datamover_v5_1_vh_rfs.vhd:1294]
INFO: [Synth 8-638] synthesizing module 'sync_fifo_fg__parameterized0' [/home/yanxiang/Develop/vivado/back/Zybo-DMA/src/bd/design_1/ipshared/c387/hdl/lib_fifo_v1_0_rfs.vhd:2097]
INFO: [Synth 8-256] done synthesizing module 'sync_fifo_fg__parameterized0' (70#1) [/home/yanxiang/Develop/vivado/back/Zybo-DMA/src/bd/design_1/ipshared/c387/hdl/lib_fifo_v1_0_rfs.vhd:2097]
INFO: [Synth 8-256] done synthesizing module 'axi_datamover_sfifo_autord__parameterized0' (70#1) [/home/yanxiang/Develop/vivado/back/Zybo-DMA/src/bd/design_1/ipshared/43a6/hdl/axi_datamover_v5_1_vh_rfs.vhd:1294]
INFO: [Synth 8-638] synthesizing module 'axi_datamover_sfifo_autord__parameterized1' [/home/yanxiang/Develop/vivado/back/Zybo-DMA/src/bd/design_1/ipshared/43a6/hdl/axi_datamover_v5_1_vh_rfs.vhd:1294]
INFO: [Synth 8-638] synthesizing module 'sync_fifo_fg__parameterized1' [/home/yanxiang/Develop/vivado/back/Zybo-DMA/src/bd/design_1/ipshared/c387/hdl/lib_fifo_v1_0_rfs.vhd:2097]
INFO: [Synth 8-256] done synthesizing module 'sync_fifo_fg__parameterized1' (70#1) [/home/yanxiang/Develop/vivado/back/Zybo-DMA/src/bd/design_1/ipshared/c387/hdl/lib_fifo_v1_0_rfs.vhd:2097]
INFO: [Synth 8-256] done synthesizing module 'axi_datamover_sfifo_autord__parameterized1' (70#1) [/home/yanxiang/Develop/vivado/back/Zybo-DMA/src/bd/design_1/ipshared/43a6/hdl/axi_datamover_v5_1_vh_rfs.vhd:1294]
INFO: [Synth 8-638] synthesizing module 'axi_datamover_skid_buf__parameterized0' [/home/yanxiang/Develop/vivado/back/Zybo-DMA/src/bd/design_1/ipshared/43a6/hdl/axi_datamover_v5_1_vh_rfs.vhd:19492]
INFO: [Synth 8-256] done synthesizing module 'axi_datamover_skid_buf__parameterized0' (70#1) [/home/yanxiang/Develop/vivado/back/Zybo-DMA/src/bd/design_1/ipshared/43a6/hdl/axi_datamover_v5_1_vh_rfs.vhd:19492]
INFO: [Synth 8-256] done synthesizing module 'axi_datamover_indet_btt' (71#1) [/home/yanxiang/Develop/vivado/back/Zybo-DMA/src/bd/design_1/ipshared/43a6/hdl/axi_datamover_v5_1_vh_rfs.vhd:28422]
INFO: [Synth 8-638] synthesizing module 'axi_datamover_addr_cntl__parameterized0' [/home/yanxiang/Develop/vivado/back/Zybo-DMA/src/bd/design_1/ipshared/43a6/hdl/axi_datamover_v5_1_vh_rfs.vhd:9995]
INFO: [Synth 8-256] done synthesizing module 'axi_datamover_addr_cntl__parameterized0' (71#1) [/home/yanxiang/Develop/vivado/back/Zybo-DMA/src/bd/design_1/ipshared/43a6/hdl/axi_datamover_v5_1_vh_rfs.vhd:9995]
INFO: [Synth 8-638] synthesizing module 'axi_datamover_wrdata_cntl' [/home/yanxiang/Develop/vivado/back/Zybo-DMA/src/bd/design_1/ipshared/43a6/hdl/axi_datamover_v5_1_vh_rfs.vhd:15669]
INFO: [Synth 8-638] synthesizing module 'axi_datamover_fifo__parameterized9' [/home/yanxiang/Develop/vivado/back/Zybo-DMA/src/bd/design_1/ipshared/43a6/hdl/axi_datamover_v5_1_vh_rfs.vhd:1881]
INFO: [Synth 8-638] synthesizing module 'srl_fifo_f__parameterized6' [/home/yanxiang/Develop/vivado/back/Zybo-DMA/src/bd/design_1/ipshared/6039/hdl/lib_srl_fifo_v1_0_rfs.vhd:1000]
INFO: [Synth 8-638] synthesizing module 'srl_fifo_rbu_f__parameterized6' [/home/yanxiang/Develop/vivado/back/Zybo-DMA/src/bd/design_1/ipshared/6039/hdl/lib_srl_fifo_v1_0_rfs.vhd:697]
INFO: [Synth 8-638] synthesizing module 'dynshreg_f__parameterized6' [/home/yanxiang/Develop/vivado/back/Zybo-DMA/src/bd/design_1/ipshared/6039/hdl/lib_srl_fifo_v1_0_rfs.vhd:397]
INFO: [Synth 8-256] done synthesizing module 'dynshreg_f__parameterized6' (71#1) [/home/yanxiang/Develop/vivado/back/Zybo-DMA/src/bd/design_1/ipshared/6039/hdl/lib_srl_fifo_v1_0_rfs.vhd:397]
INFO: [Synth 8-256] done synthesizing module 'srl_fifo_rbu_f__parameterized6' (71#1) [/home/yanxiang/Develop/vivado/back/Zybo-DMA/src/bd/design_1/ipshared/6039/hdl/lib_srl_fifo_v1_0_rfs.vhd:697]
INFO: [Synth 8-256] done synthesizing module 'srl_fifo_f__parameterized6' (71#1) [/home/yanxiang/Develop/vivado/back/Zybo-DMA/src/bd/design_1/ipshared/6039/hdl/lib_srl_fifo_v1_0_rfs.vhd:1000]
INFO: [Synth 8-256] done synthesizing module 'axi_datamover_fifo__parameterized9' (71#1) [/home/yanxiang/Develop/vivado/back/Zybo-DMA/src/bd/design_1/ipshared/43a6/hdl/axi_datamover_v5_1_vh_rfs.vhd:1881]
INFO: [Synth 8-256] done synthesizing module 'axi_datamover_wrdata_cntl' (72#1) [/home/yanxiang/Develop/vivado/back/Zybo-DMA/src/bd/design_1/ipshared/43a6/hdl/axi_datamover_v5_1_vh_rfs.vhd:15669]
INFO: [Synth 8-638] synthesizing module 'axi_datamover_skid2mm_buf' [/home/yanxiang/Develop/vivado/back/Zybo-DMA/src/bd/design_1/ipshared/43a6/hdl/axi_datamover_v5_1_vh_rfs.vhd:18990]
INFO: [Synth 8-638] synthesizing module 'axi_datamover_wr_demux' [/home/yanxiang/Develop/vivado/back/Zybo-DMA/src/bd/design_1/ipshared/43a6/hdl/axi_datamover_v5_1_vh_rfs.vhd:14112]
INFO: [Synth 8-256] done synthesizing module 'axi_datamover_wr_demux' (73#1) [/home/yanxiang/Develop/vivado/back/Zybo-DMA/src/bd/design_1/ipshared/43a6/hdl/axi_datamover_v5_1_vh_rfs.vhd:14112]
INFO: [Synth 8-256] done synthesizing module 'axi_datamover_skid2mm_buf' (74#1) [/home/yanxiang/Develop/vivado/back/Zybo-DMA/src/bd/design_1/ipshared/43a6/hdl/axi_datamover_v5_1_vh_rfs.vhd:18990]
INFO: [Synth 8-256] done synthesizing module 'axi_datamover_s2mm_full_wrap' (75#1) [/home/yanxiang/Develop/vivado/back/Zybo-DMA/src/bd/design_1/ipshared/43a6/hdl/axi_datamover_v5_1_vh_rfs.vhd:49982]
INFO: [Synth 8-256] done synthesizing module 'axi_datamover' (76#1) [/home/yanxiang/Develop/vivado/back/Zybo-DMA/src/bd/design_1/ipshared/43a6/hdl/axi_datamover_v5_1_vh_rfs.vhd:55410]
INFO: [Synth 8-256] done synthesizing module 'axi_dma' (77#1) [/home/yanxiang/Develop/vivado/back/Zybo-DMA/src/bd/design_1/ipshared/bb0b/hdl/axi_dma_v7_1_vh_rfs.vhd:21830]
INFO: [Synth 8-256] done synthesizing module 'design_1_axi_dma_0_0' (78#1) [/home/yanxiang/Develop/vivado/back/Zybo-DMA/src/bd/design_1/ip/design_1_axi_dma_0_0/synth/design_1_axi_dma_0_0.vhd:128]
Finished RTL Elaboration : Time (s): cpu = 00:04:13 ; elapsed = 00:04:14 . Memory (MB): peak = 1495.613 ; gain = 357.965 ; free physical = 967 ; free virtual = 10659
Finished RTL Optimization Phase 1 : Time (s): cpu = 00:04:14 ; elapsed = 00:04:15 . Memory (MB): peak = 1495.613 ; gain = 357.965 ; free physical = 970 ; free virtual = 10662
INFO: [Device 21-403] Loading part xc7z010clg400-1
Constraint Validation Runtime : Time (s): cpu = 00:00:00.27 ; elapsed = 00:00:00.12 . Memory (MB): peak = 1702.449 ; gain = 0.000 ; free physical = 462 ; free virtual = 10154
Finished Constraint Validation : Time (s): cpu = 00:04:32 ; elapsed = 00:04:33 . Memory (MB): peak = 1702.449 ; gain = 564.801 ; free physical = 363 ; free virtual = 10055
Finished Loading Part and Timing Information : Time (s): cpu = 00:04:32 ; elapsed = 00:04:33 . Memory (MB): peak = 1702.449 ; gain = 564.801 ; free physical = 363 ; free virtual = 10055
Finished applying 'set_property' XDC Constraints : Time (s): cpu = 00:04:32 ; elapsed = 00:04:33 . Memory (MB): peak = 1702.449 ; gain = 564.801 ; free physical = 364 ; free virtual = 10056
Finished RTL Optimization Phase 2 : Time (s): cpu = 00:04:37 ; elapsed = 00:04:39 . Memory (MB): peak = 1702.449 ; gain = 564.801 ; free physical = 948 ; free virtual = 10643
Finished Cross Boundary and Area Optimization : Time (s): cpu = 00:04:46 ; elapsed = 00:04:49 . Memory (MB): peak = 1702.449 ; gain = 564.801 ; free physical = 914 ; free virtual = 10609
---------------------------------------------------------------------------------
Start ROM, RAM, DSP and Shift Register Reporting
---------------------------------------------------------------------------------

Distributed RAM: Preliminary Mapping  Report (see note below)
+------------+---------------------------------------------------------------------------------------------------------------------------------------------------------------------------------------------------------------------------------------------------+----------------+----------------------+--------------+
|Module Name | RTL Object                                                                                                                                                                                                                                        | Inference      | Size (Depth x Width) | Primitives   | 
+------------+---------------------------------------------------------------------------------------------------------------------------------------------------------------------------------------------------------------------------------------------------+----------------+----------------------+--------------+
|U0          | I_PRMRY_DATAMOVER/GEN_S2MM_FULL.I_S2MM_FULL_WRAPPER/GEN_ENABLE_INDET_BTT_SF.I_INDET_BTT/I_XD_FIFO/NON_BLK_MEM.I_SYNC_FIFOGEN_FIFO/FAMILY_SUPPORTED.I_SYNC_FIFO_BRAM/inst_fifo_gen/gconvfifo.rf/grf.rf/gntv_or_sync_fifo.mem/gdm.dm_gen.dm/RAM_reg | User Attribute | 8 x 9                | RAM32M x 2   | 
+------------+---------------------------------------------------------------------------------------------------------------------------------------------------------------------------------------------------------------------------------------------------+----------------+----------------------+--------------+

Note: The table above is a preliminary report that shows the Distributed RAMs at the current stage of the synthesis flow. Some Distributed RAMs may be reimplemented as non Distributed RAM primitives later in the synthesis flow. Multiple instantiated RAMs are reported only once.
---------------------------------------------------------------------------------
Finished ROM, RAM, DSP and Shift Register Reporting
---------------------------------------------------------------------------------
Finished Applying XDC Timing Constraints : Time (s): cpu = 00:04:55 ; elapsed = 00:04:58 . Memory (MB): peak = 1702.449 ; gain = 564.801 ; free physical = 874 ; free virtual = 10570
Finished Timing Optimization : Time (s): cpu = 00:05:02 ; elapsed = 00:05:05 . Memory (MB): peak = 1724.559 ; gain = 586.910 ; free physical = 704 ; free virtual = 10399
Finished Technology Mapping : Time (s): cpu = 00:05:04 ; elapsed = 00:05:07 . Memory (MB): peak = 1728.770 ; gain = 591.121 ; free physical = 694 ; free virtual = 10389
Finished IO Insertion : Time (s): cpu = 00:05:05 ; elapsed = 00:05:08 . Memory (MB): peak = 1728.770 ; gain = 591.121 ; free physical = 694 ; free virtual = 10390
Finished Renaming Generated Instances : Time (s): cpu = 00:05:05 ; elapsed = 00:05:08 . Memory (MB): peak = 1728.770 ; gain = 591.121 ; free physical = 694 ; free virtual = 10390
Finished Rebuilding User Hierarchy : Time (s): cpu = 00:05:06 ; elapsed = 00:05:09 . Memory (MB): peak = 1728.770 ; gain = 591.121 ; free physical = 693 ; free virtual = 10388
Finished Renaming Generated Ports : Time (s): cpu = 00:05:06 ; elapsed = 00:05:09 . Memory (MB): peak = 1728.770 ; gain = 591.121 ; free physical = 692 ; free virtual = 10388
Finished Handling Custom Attributes : Time (s): cpu = 00:05:06 ; elapsed = 00:05:09 . Memory (MB): peak = 1728.770 ; gain = 591.121 ; free physical = 692 ; free virtual = 10388
Finished Renaming Generated Nets : Time (s): cpu = 00:05:06 ; elapsed = 00:05:09 . Memory (MB): peak = 1728.770 ; gain = 591.121 ; free physical = 692 ; free virtual = 10388

Report Cell Usage: 
+------+---------+------+
|      |Cell     |Count |
+------+---------+------+
|1     |CARRY4   |    52|
|2     |LUT1     |   105|
|3     |LUT2     |   204|
|4     |LUT3     |   399|
|5     |LUT4     |   246|
|6     |LUT5     |   224|
|7     |LUT6     |   406|
|8     |MUXF7    |    14|
|9     |RAM32M   |     2|
|10    |RAMB36E1 |     2|
|11    |SRL16E   |   168|
|12    |FDR      |     8|
|13    |FDRE     |  1912|
|14    |FDSE     |    76|
+------+---------+------+
Finished Writing Synthesis Report : Time (s): cpu = 00:05:06 ; elapsed = 00:05:09 . Memory (MB): peak = 1728.770 ; gain = 591.121 ; free physical = 692 ; free virtual = 10388
synth_design: Time (s): cpu = 00:05:09 ; elapsed = 00:05:12 . Memory (MB): peak = 1760.785 ; gain = 635.723 ; free physical = 735 ; free virtual = 10431
