#-----------------------------------------------------------
# Webtalk v2017.2 (64-bit)
# SW Build 1909853 on Thu Jun 15 18:39:10 MDT 2017
# 
# Start of session at: Thu Nov  9 14:59:35 2017
# Process ID: 9028
# Current directory: /home/yanxiang/Develop/vivado/back/Zybo-DMA/proj/DMA.sdk/webtalk
# Command line: wbtcv -mode batch -source sdk_webtalk.tcl
# Log file: /home/yanxiang/Develop/vivado/back/Zybo-DMA/proj/DMA.sdk/webtalk/webtalk.log
# Journal file: /home/yanxiang/Develop/vivado/back/Zybo-DMA/proj/DMA.sdk/webtalk/webtalk.jou
#-----------------------------------------------------------
source sdk_webtalk.tcl
# webtalk_init -webtalk_dir /home/yanxiang/Develop/vivado/back/Zybo-DMA/proj/DMA.sdk/webtalk
# webtalk_register_client -client project
# webtalk_add_data -client project -key date_generated -value "2017-11-09 14:59:34" -context "software_version_and_target_device"
# webtalk_add_data -client project -key product_version -value "SDK v2017.2" -context "software_version_and_target_device"
# webtalk_add_data -client project -key build_version -value "2017.2" -context "software_version_and_target_device"
# webtalk_add_data -client project -key os_platform -value "amd64" -context "software_version_and_target_device"
# webtalk_add_data -client project -key registration_id -value "" -context "software_version_and_target_device"
# webtalk_add_data -client project -key tool_flow -value "SDK" -context "software_version_and_target_device"
# webtalk_add_data -client project -key beta -value "false" -context "software_version_and_target_device"
# webtalk_add_data -client project -key route_design -value "NA" -context "software_version_and_target_device"
# webtalk_add_data -client project -key target_family -value "NA" -context "software_version_and_target_device"
# webtalk_add_data -client project -key target_device -value "NA" -context "software_version_and_target_device"
# webtalk_add_data -client project -key target_package -value "NA" -context "software_version_and_target_device"
# webtalk_add_data -client project -key target_speed -value "NA" -context "software_version_and_target_device"
# webtalk_add_data -client project -key random_id -value "qdkligsvlovuhq9vj6sl0dlb49" -context "software_version_and_target_device"
# webtalk_add_data -client project -key project_id -value "2017.2_24" -context "software_version_and_target_device"
# webtalk_add_data -client project -key project_iteration -value "24" -context "software_version_and_target_device"
# webtalk_add_data -client project -key os_name -value "Ubuntu" -context "user_environment"
# webtalk_add_data -client project -key os_release -value "Ubuntu 16.04.1 LTS" -context "user_environment"
# webtalk_add_data -client project -key cpu_name -value "Intel(R) Core(TM) i7-2630QM CPU @ 2.00GHz" -context "user_environment"
# webtalk_add_data -client project -key cpu_speed -value "813.281 MHz" -context "user_environment"
# webtalk_add_data -client project -key total_processors -value "1" -context "user_environment"
# webtalk_add_data -client project -key system_ram -value "8.000 GB" -context "user_environment"
# webtalk_register_client -client sdk
# webtalk_add_data -client sdk -key uid -value "1510235917000" -context "sdk\\\\hardware/1510235917000"
# webtalk_add_data -client sdk -key isZynq -value "true" -context "sdk\\\\hardware/1510235917000"
# webtalk_add_data -client sdk -key isZynqMP -value "false" -context "sdk\\\\hardware/1510235917000"
# webtalk_add_data -client sdk -key Processors -value "2" -context "sdk\\\\hardware/1510235917000"
# webtalk_add_data -client sdk -key VivadoVersion -value "2017.2" -context "sdk\\\\hardware/1510235917000"
# webtalk_add_data -client sdk -key Arch -value "zynq" -context "sdk\\\\hardware/1510235917000"
# webtalk_add_data -client sdk -key Device -value "7z010" -context "sdk\\\\hardware/1510235917000"
# webtalk_add_data -client sdk -key IsHandoff -value "true" -context "sdk\\\\hardware/1510235917000"
# webtalk_add_data -client sdk -key os -value "NA" -context "sdk\\\\hardware/1510235917000"
# webtalk_add_data -client sdk -key apptemplate -value "NA" -context "sdk\\\\hardware/1510235917000"
# webtalk_add_data -client sdk -key RecordType -value "HWCreation" -context "sdk\\\\hardware/1510235917000"
# webtalk_add_data -client sdk -key uid -value "NA" -context "sdk\\\\bsp/1510235974722"
# webtalk_add_data -client sdk -key RecordType -value "ToolUsage" -context "sdk\\\\bsp/1510235974722"
# webtalk_add_data -client sdk -key BootgenCount -value "0" -context "sdk\\\\bsp/1510235974722"
# webtalk_add_data -client sdk -key DebugCount -value "1" -context "sdk\\\\bsp/1510235974722"
# webtalk_add_data -client sdk -key PerfCount -value "0" -context "sdk\\\\bsp/1510235974722"
# webtalk_add_data -client sdk -key FlashCount -value "0" -context "sdk\\\\bsp/1510235974722"
# webtalk_add_data -client sdk -key CrossTriggCount -value "0" -context "sdk\\\\bsp/1510235974722"
# webtalk_add_data -client sdk -key QemuDebugCount -value "0" -context "sdk\\\\bsp/1510235974722"
# webtalk_transmit -clientid 157293057 -regid "" -xml /home/yanxiang/Develop/vivado/back/Zybo-DMA/proj/DMA.sdk/webtalk/usage_statistics_ext_sdk.xml -html /home/yanxiang/Develop/vivado/back/Zybo-DMA/proj/DMA.sdk/webtalk/usage_statistics_ext_sdk.html -wdm /home/yanxiang/Develop/vivado/back/Zybo-DMA/proj/DMA.sdk/webtalk/sdk_webtalk.wdm -intro "<H3>SDK Usage Report</H3><BR>"
INFO: [Common 17-186] '/home/yanxiang/Develop/vivado/back/Zybo-DMA/proj/DMA.sdk/webtalk/usage_statistics_ext_sdk.xml' has been successfully sent to Xilinx on Thu Nov  9 14:59:38 2017. For additional details about this file, please refer to the WebTalk help file at /opt/Xilinx/SDK/2017.2/doc/webtalk_introduction.html.
# webtalk_terminate
INFO: [Common 17-206] Exiting Webtalk at Thu Nov  9 14:59:38 2017...
