#
# An unexpected error has occurred (11)
#
Stack:
/lib/x86_64-linux-gnu/libc.so.6(+0x354b0) [0x7f10f0bf44b0]
/opt/Xilinx/Vivado/2017.2/lib/lnx64.o/libverific.so(Verific::VhdlIdDef::Name() const+0) [0x7f10f25bf020]
/opt/Xilinx/Vivado/2017.2/lib/lnx64.o/libverific.so(Verific::VhdlEntityDecl::AssociateGenerics(Verific::Array*, Verific::VhdlIdDef*, Verific::Array*)+0x1209) [0x7f10f266a0f9]
/opt/Xilinx/Vivado/2017.2/lib/lnx64.o/libverific.so(Verific::VhdlEntityDecl::CreateUniqueUnit(Verific::Array**, Verific::Array**, Verific::VhdlBlockConfiguration*, Verific::VhdlIdDef*, char const*, Verific::VhdlMapForCopy&, char const*, Verific::Array*, unsigned int)+0x38b) [0x7f10f26acb0b]
/opt/Xilinx/Vivado/2017.2/lib/lnx64.o/libverific.so(Verific::VhdlComponentInstantiationStatement::StaticElaborate(Verific::Array*, Verific::Array*, Verific::VhdlBlockConfiguration*, Verific::VhdlIdDef*, char const*, Verific::VhdlPrimaryUnit*)+0x1f4) [0x7f10f26ae854]
/opt/Xilinx/Vivado/2017.2/lib/lnx64.o/libverific.so(Verific::VhdlComponentInstantiationStatement::Elaborate(Verific::VhdlDataFlow*, Verific::VhdlBlockConfiguration*)+0x4be) [0x7f10f26482ae]
/opt/Xilinx/Vivado/2017.2/lib/lnx64.o/libverific.so(Verific::VhdlArchitectureBody::StaticElaborate(Verific::VhdlBlockConfiguration*)+0x170) [0x7f10f26ac0e0]
/opt/Xilinx/Vivado/2017.2/lib/lnx64.o/libverific.so(Verific::VhdlEntityDecl::StaticElaborateInternal(char const*, Verific::Array*, Verific::Array*, Verific::VhdlBlockConfiguration*, Verific::VhdlIdDef*)+0x4f5) [0x7f10f26aac75]
/opt/Xilinx/Vivado/2017.2/lib/lnx64.o/libverific.so(Verific::VhdlEntityDecl::StaticElaborate(char const*, Verific::Array*, Verific::Array*, Verific::VhdlBlockConfiguration*, Verific::VhdlIdDef*)+0x1ea) [0x7f10f26a139a]
/opt/Xilinx/Vivado/2017.2/lib/lnx64.o/libverific.so(Verific::veri_file::ElaborateMixedHdlMultipleTopsStatic(Verific::Array const*, Verific::Array const*, Verific::Map const*, Verific::Array*, Verific::Array*)+0x40f) [0x7f10f24e79bf]
srcscanner() [0x470a45]
srcscanner() [0x471c71]
srcscanner() [0x44505f]
srcscanner() [0x44abc8]
/opt/Xilinx/Vivado/2017.2/lib/lnx64.o/libtcl8.5.so(TclInvokeStringCommand+0x76) [0x7f10f2c44f66]
/opt/Xilinx/Vivado/2017.2/lib/lnx64.o/libtcl8.5.so(+0x334af) [0x7f10f2c494af]
/opt/Xilinx/Vivado/2017.2/lib/lnx64.o/libtcl8.5.so(+0x34b38) [0x7f10f2c4ab38]
/opt/Xilinx/Vivado/2017.2/lib/lnx64.o/libtcl8.5.so(Tcl_EvalEx+0x13) [0x7f10f2c4b0a3]
/opt/Xilinx/Vivado/2017.2/lib/lnx64.o/libtcl8.5.so(Tcl_Eval+0x15) [0x7f10f2c4b0c5]
srcscanner(main+0x293) [0x42d673]
/lib/x86_64-linux-gnu/libc.so.6(__libc_start_main+0xf0) [0x7f10f0bdf830]
srcscanner() [0x42f969]
