Copyright 1986-2017 Xilinx, Inc. All Rights Reserved.
------------------------------------------------------------------------------------
| Tool Version : Vivado v.2017.2 (lin64) Build 1909853 Thu Jun 15 18:39:10 MDT 2017
| Date         : Tue Nov 14 10:22:02 2017
| Host         : yanxiang-W520 running 64-bit Ubuntu 16.04.1 LTS
| Command      : upgrade_ip
| Device       : xc7z010clg400-1
------------------------------------------------------------------------------------

Upgrade Log for IP 'design_1_b_filter_0_0'

1. Summary
----------

SUCCESS in the upgrade of design_1_b_filter_0_0 from user.org:user:b_filter:16 (Rev. 1) to user.org:user:b_filter:17 (Rev. 1)






Copyright 1986-2017 Xilinx, Inc. All Rights Reserved.
------------------------------------------------------------------------------------
| Tool Version : Vivado v.2017.2 (lin64) Build 1909853 Thu Jun 15 18:39:10 MDT 2017
| Date         : Tue Nov 14 09:44:33 2017
| Host         : yanxiang-W520 running 64-bit Ubuntu 16.04.1 LTS
| Command      : upgrade_ip
| Device       : xc7z010clg400-1
------------------------------------------------------------------------------------

Upgrade Log for IP 'design_1_b_filter_0_0'

1. Summary
----------

SUCCESS in the upgrade of design_1_b_filter_0_0 from user.org:user:b_filter:15 (Rev. 1) to user.org:user:b_filter:16 (Rev. 1)






Copyright 1986-2017 Xilinx, Inc. All Rights Reserved.
------------------------------------------------------------------------------------
| Tool Version : Vivado v.2017.2 (lin64) Build 1909853 Thu Jun 15 18:39:10 MDT 2017
| Date         : Mon Nov 13 15:05:26 2017
| Host         : yanxiang-W520 running 64-bit Ubuntu 16.04.1 LTS
| Command      : upgrade_ip
| Device       : xc7z010clg400-1
------------------------------------------------------------------------------------

Upgrade Log for IP 'design_1_b_filter_0_0'

1. Summary
----------

SUCCESS in the upgrade of design_1_b_filter_0_0 from user.org:user:b_filter:14 (Rev. 1) to user.org:user:b_filter:15 (Rev. 1)






Copyright 1986-2017 Xilinx, Inc. All Rights Reserved.
------------------------------------------------------------------------------------
| Tool Version : Vivado v.2017.2 (lin64) Build 1909853 Thu Jun 15 18:39:10 MDT 2017
| Date         : Mon Nov 13 11:19:09 2017
| Host         : yanxiang-W520 running 64-bit Ubuntu 16.04.1 LTS
| Command      : upgrade_ip
| Device       : xc7z010clg400-1
------------------------------------------------------------------------------------

Upgrade Log for IP 'design_1_b_filter_0_0'

1. Summary
----------

SUCCESS in the upgrade of design_1_b_filter_0_0 from user.org:user:b_filter:12 (Rev. 1) to user.org:user:b_filter:14 (Rev. 1)






Copyright 1986-2017 Xilinx, Inc. All Rights Reserved.
------------------------------------------------------------------------------------
| Tool Version : Vivado v.2017.2 (lin64) Build 1909853 Thu Jun 15 18:39:10 MDT 2017
| Date         : Fri Nov 10 16:00:40 2017
| Host         : yanxiang-W520 running 64-bit Ubuntu 16.04.1 LTS
| Command      : upgrade_ip
| Device       : xc7z010clg400-1
------------------------------------------------------------------------------------

Upgrade Log for IP 'design_1_b_filter_0_0'

1. Summary
----------

SUCCESS in the upgrade of design_1_b_filter_0_0 from user.org:user:b_filter:11.1 (Rev. 3) to user.org:user:b_filter:12 (Rev. 1)






Copyright 1986-2017 Xilinx, Inc. All Rights Reserved.
------------------------------------------------------------------------------------
| Tool Version : Vivado v.2017.2 (lin64) Build 1909853 Thu Jun 15 18:39:10 MDT 2017
| Date         : Fri Nov 10 14:27:27 2017
| Host         : yanxiang-W520 running 64-bit Ubuntu 16.04.1 LTS
| Command      : upgrade_ip
| Device       : xc7z010clg400-1
------------------------------------------------------------------------------------

Upgrade Log for IP 'design_1_b_filter_0_1'

1. Summary
----------

SUCCESS in the upgrade of design_1_b_filter_0_1 from user.org:user:b_filter:11 (Rev. 1) to user.org:user:b_filter:11.1 (Rev. 1)






Copyright 1986-2017 Xilinx, Inc. All Rights Reserved.
------------------------------------------------------------------------------------
| Tool Version : Vivado v.2017.2 (lin64) Build 1909853 Thu Jun 15 18:39:10 MDT 2017
| Date         : Fri Nov 10 13:04:15 2017
| Host         : yanxiang-W520 running 64-bit Ubuntu 16.04.1 LTS
| Command      : upgrade_ip
| Device       : xc7z010clg400-1
------------------------------------------------------------------------------------

Upgrade Log for IP 'design_1_b_filter_0_1'

1. Summary
----------

SUCCESS in the upgrade of design_1_b_filter_0_1 from user.org:user:b_filter:10.1 (Rev. 1) to user.org:user:b_filter:11 (Rev. 1)






Copyright 1986-2017 Xilinx, Inc. All Rights Reserved.
------------------------------------------------------------------------------------
| Tool Version : Vivado v.2017.2 (lin64) Build 1909853 Thu Jun 15 18:39:10 MDT 2017
| Date         : Thu Nov  9 16:23:56 2017
| Host         : yanxiang-W520 running 64-bit Ubuntu 16.04.1 LTS
| Command      : upgrade_ip
| Device       : xc7z010clg400-1
------------------------------------------------------------------------------------

Upgrade Log for IP 'design_1_b_filter_0_1'

1. Summary
----------

SUCCESS in the upgrade of design_1_b_filter_0_1 from user.org:user:b_filter:10.0 (Rev. 1) to user.org:user:b_filter:10.1 (Rev. 1)






Copyright 1986-2017 Xilinx, Inc. All Rights Reserved.
------------------------------------------------------------------------------------
| Tool Version : Vivado v.2017.2 (lin64) Build 1909853 Thu Jun 15 18:39:10 MDT 2017
| Date         : Thu Nov  9 16:07:43 2017
| Host         : yanxiang-W520 running 64-bit Ubuntu 16.04.1 LTS
| Command      : upgrade_ip
| Device       : xc7z010clg400-1
------------------------------------------------------------------------------------

Upgrade Log for IP 'design_1_b_filter_0_1'

1. Summary
----------

SUCCESS in the upgrade of design_1_b_filter_0_1 from user.org:user:b_filter:9.0 (Rev. 1) to user.org:user:b_filter:10.0 (Rev. 1)






Copyright 1986-2017 Xilinx, Inc. All Rights Reserved.
------------------------------------------------------------------------------------
| Tool Version : Vivado v.2017.2 (lin64) Build 1909853 Thu Jun 15 18:39:10 MDT 2017
| Date         : Thu Nov  9 15:25:03 2017
| Host         : yanxiang-W520 running 64-bit Ubuntu 16.04.1 LTS
| Command      : upgrade_ip
| Device       : xc7z010clg400-1
------------------------------------------------------------------------------------

Upgrade Log for IP 'design_1_b_filter_0_1'

1. Summary
----------

SUCCESS in the upgrade of design_1_b_filter_0_1 from user.org:user:b_filter:8.5 (Rev. 1) to user.org:user:b_filter:9.0 (Rev. 1)






Copyright 1986-2017 Xilinx, Inc. All Rights Reserved.
------------------------------------------------------------------------------------
| Tool Version : Vivado v.2017.2 (lin64) Build 1909853 Thu Jun 15 18:39:10 MDT 2017
| Date         : Thu Nov  9 14:07:40 2017
| Host         : yanxiang-W520 running 64-bit Ubuntu 16.04.1 LTS
| Command      : upgrade_ip
| Device       : xc7z010clg400-1
------------------------------------------------------------------------------------

Upgrade Log for IP 'design_1_b_filter_0_1'

1. Summary
----------

SUCCESS in the upgrade of design_1_b_filter_0_1 from user.org:user:b_filter:8.4 (Rev. 1) to user.org:user:b_filter:8.5 (Rev. 1)






Copyright 1986-2017 Xilinx, Inc. All Rights Reserved.
------------------------------------------------------------------------------------
| Tool Version : Vivado v.2017.2 (lin64) Build 1909853 Thu Jun 15 18:39:10 MDT 2017
| Date         : Thu Nov  9 13:39:51 2017
| Host         : yanxiang-W520 running 64-bit Ubuntu 16.04.1 LTS
| Command      : upgrade_ip
| Device       : xc7z010clg400-1
------------------------------------------------------------------------------------

Upgrade Log for IP 'design_1_b_filter_0_1'

1. Summary
----------

SUCCESS in the upgrade of design_1_b_filter_0_1 from user.org:user:b_filter:8.3 (Rev. 1) to user.org:user:b_filter:8.4 (Rev. 1)






Copyright 1986-2017 Xilinx, Inc. All Rights Reserved.
------------------------------------------------------------------------------------
| Tool Version : Vivado v.2017.2 (lin64) Build 1909853 Thu Jun 15 18:39:10 MDT 2017
| Date         : Thu Nov  9 13:20:39 2017
| Host         : yanxiang-W520 running 64-bit Ubuntu 16.04.1 LTS
| Command      : upgrade_ip
| Device       : xc7z010clg400-1
------------------------------------------------------------------------------------

Upgrade Log for IP 'design_1_b_filter_0_1'

1. Summary
----------

SUCCESS in the conversion of design_1_b_filter_0_1 (user.org:user:b_filter:8.3 (Rev. 1)) to Vivado generation flows.






Copyright 1986-2017 Xilinx, Inc. All Rights Reserved.
------------------------------------------------------------------------------------
| Tool Version : Vivado v.2017.2 (lin64) Build 1909853 Thu Jun 15 18:39:10 MDT 2017
| Date         : Thu Nov  9 13:19:28 2017
| Host         : yanxiang-W520 running 64-bit Ubuntu 16.04.1 LTS
| Command      : upgrade_ip
| Device       : xc7z010clg400-1
------------------------------------------------------------------------------------

Upgrade Log for IP 'design_1_b_filter_0_1'

1. Summary
----------

SUCCESS in the upgrade of design_1_b_filter_0_1 from user.org:user:b_filter:8.2 (Rev. 1) to user.org:user:b_filter:8.3 (Rev. 1)






Copyright 1986-2017 Xilinx, Inc. All Rights Reserved.
------------------------------------------------------------------------------------
| Tool Version : Vivado v.2017.2 (lin64) Build 1909853 Thu Jun 15 18:39:10 MDT 2017
| Date         : Thu Nov  9 13:05:49 2017
| Host         : yanxiang-W520 running 64-bit Ubuntu 16.04.1 LTS
| Command      : upgrade_ip
| Device       : xc7z010clg400-1
------------------------------------------------------------------------------------

Upgrade Log for IP 'design_1_b_filter_0_1'

1. Summary
----------

SUCCESS in the upgrade of design_1_b_filter_0_1 from user.org:user:b_filter:8.1 (Rev. 1) to user.org:user:b_filter:8.2 (Rev. 1)






Copyright 1986-2017 Xilinx, Inc. All Rights Reserved.
------------------------------------------------------------------------------------
| Tool Version : Vivado v.2017.2 (lin64) Build 1909853 Thu Jun 15 18:39:10 MDT 2017
| Date         : Thu Nov  9 10:44:43 2017
| Host         : yanxiang-W520 running 64-bit Ubuntu 16.04.1 LTS
| Command      : upgrade_ip
| Device       : xc7z010clg400-1
------------------------------------------------------------------------------------

Upgrade Log for IP 'design_1_b_filter_0_0'

1. Summary
----------

SUCCESS in the upgrade of design_1_b_filter_0_0 from user.org:user:b_filter:7.0 (Rev. 1) to user.org:user:b_filter:8.0 (Rev. 1)






Copyright 1986-2017 Xilinx, Inc. All Rights Reserved.
------------------------------------------------------------------------------------
| Tool Version : Vivado v.2017.2 (lin64) Build 1909853 Thu Jun 15 18:39:10 MDT 2017
| Date         : Wed Nov  8 15:48:23 2017
| Host         : yanxiang-W520 running 64-bit Ubuntu 16.04.1 LTS
| Command      : upgrade_ip
| Device       : xc7z010clg400-1
------------------------------------------------------------------------------------

Upgrade Log for IP 'design_1_b_filter_0_1'

1. Summary
----------

SUCCESS in the upgrade of design_1_b_filter_0_1 from user.org:user:b_filter:6.0 (Rev. 1) to user.org:user:b_filter:7.0 (Rev. 1)






Copyright 1986-2017 Xilinx, Inc. All Rights Reserved.
------------------------------------------------------------------------------------
| Tool Version : Vivado v.2017.2 (lin64) Build 1909853 Thu Jun 15 18:39:10 MDT 2017
| Date         : Tue Nov  7 16:49:32 2017
| Host         : yanxiang-W520 running 64-bit Ubuntu 16.04.1 LTS
| Command      : upgrade_ip
| Device       : xc7z010clg400-1
------------------------------------------------------------------------------------

Upgrade Log for IP 'design_1_xlconstant_0_0'

1. Summary
----------

SUCCESS in the upgrade of design_1_xlconstant_0_0 (xilinx.com:ip:xlconstant:1.1) from (Rev. 2) to (Rev. 3)






Copyright 1986-2017 Xilinx, Inc. All Rights Reserved.
------------------------------------------------------------------------------------
| Tool Version : Vivado v.2017.2 (lin64) Build 1909853 Thu Jun 15 18:39:10 MDT 2017
| Date         : Tue Nov  7 16:49:32 2017
| Host         : yanxiang-W520 running 64-bit Ubuntu 16.04.1 LTS
| Command      : upgrade_ip
| Device       : xc7z010clg400-1
------------------------------------------------------------------------------------

Upgrade Log for IP 'design_1_xlconcat_0_0'

1. Summary
----------

SUCCESS in the upgrade of design_1_xlconcat_0_0 (xilinx.com:ip:xlconcat:2.1) from (Rev. 2) to (Rev. 1)






Copyright 1986-2017 Xilinx, Inc. All Rights Reserved.
------------------------------------------------------------------------------------
| Tool Version : Vivado v.2017.2 (lin64) Build 1909853 Thu Jun 15 18:39:10 MDT 2017
| Date         : Tue Nov  7 16:49:32 2017
| Host         : yanxiang-W520 running 64-bit Ubuntu 16.04.1 LTS
| Command      : upgrade_ip
| Device       : xc7z010clg400-1
------------------------------------------------------------------------------------

Upgrade Log for IP 'design_1_rst_processing_system7_0_100M_0'

1. Summary
----------

SUCCESS in the upgrade of design_1_rst_processing_system7_0_100M_0 (xilinx.com:ip:proc_sys_reset:5.0) from (Rev. 10) to (Rev. 11)






Copyright 1986-2017 Xilinx, Inc. All Rights Reserved.
------------------------------------------------------------------------------------
| Tool Version : Vivado v.2017.2 (lin64) Build 1909853 Thu Jun 15 18:39:10 MDT 2017
| Date         : Tue Nov  7 16:49:32 2017
| Host         : yanxiang-W520 running 64-bit Ubuntu 16.04.1 LTS
| Command      : upgrade_ip
| Device       : xc7z010clg400-1
------------------------------------------------------------------------------------

Upgrade Log for IP 'design_1_processing_system7_0_axi_periph_0'

1. Summary
----------

SUCCESS in the upgrade of design_1_processing_system7_0_axi_periph_0 (xilinx.com:ip:axi_interconnect:2.1) from (Rev. 12) to (Rev. 14)






Copyright 1986-2017 Xilinx, Inc. All Rights Reserved.
------------------------------------------------------------------------------------
| Tool Version : Vivado v.2017.2 (lin64) Build 1909853 Thu Jun 15 18:39:10 MDT 2017
| Date         : Tue Nov  7 16:49:32 2017
| Host         : yanxiang-W520 running 64-bit Ubuntu 16.04.1 LTS
| Command      : upgrade_ip
| Device       : xc7z010clg400-1
------------------------------------------------------------------------------------

Upgrade Log for IP 'design_1_processing_system7_0_0'

1. Summary
----------

SUCCESS in the upgrade of design_1_processing_system7_0_0 (xilinx.com:ip:processing_system7:5.5) from (Rev. 3) to (Rev. 5)

2. Upgrade messages
-------------------

WARNING: upgrade cannot add parameter PCW_TRACE_INTERNAL_WIDTH with default value 32 : a parameter called PCW_TRACE_INTERNAL_WIDTH already exists in processing_system7_v5_5
WARNING: upgrade cannot add parameter PCW_USE_AXI_NONSECURE with default value 0 : a parameter called PCW_USE_AXI_NONSECURE already exists in processing_system7_v5_5
WARNING: upgrade cannot add parameter PCW_EN_PTP_ENET0 with default value 1 : a parameter called PCW_EN_PTP_ENET0 already exists in processing_system7_v5_5
WARNING: upgrade cannot add parameter PCW_EN_PTP_ENET0 with default value 1 : a parameter called PCW_EN_PTP_ENET0 already exists in processing_system7_v5_5
WARNING: upgrade cannot add parameter PCW_GP0_NUM_WRITE_THREADS with default value 4 : a parameter called PCW_GP0_NUM_WRITE_THREADS already exists in processing_system7_v5_5
WARNING: upgrade cannot add parameter PCW_GP0_NUM_READ_THREADS with default value 4 : a parameter called PCW_GP0_NUM_READ_THREADS already exists in processing_system7_v5_5
WARNING: upgrade cannot add parameter PCW_GP1_NUM_WRITE_THREADS with default value 4 : a parameter called PCW_GP1_NUM_WRITE_THREADS already exists in processing_system7_v5_5
WARNING: upgrade cannot add parameter PCW_GP1_NUM_READ_THREADS with default value 4 : a parameter called PCW_GP1_NUM_READ_THREADS already exists in processing_system7_v5_5
WARNING: upgrade cannot add parameter PCW_GP0_EN_MODIFIABLE_TXN with default value 0 : a parameter called PCW_GP0_EN_MODIFIABLE_TXN already exists in processing_system7_v5_5
WARNING: upgrade cannot add parameter PCW_GP1_EN_MODIFIABLE_TXN with default value 0 : a parameter called PCW_GP1_EN_MODIFIABLE_TXN already exists in processing_system7_v5_5






Copyright 1986-2017 Xilinx, Inc. All Rights Reserved.
------------------------------------------------------------------------------------
| Tool Version : Vivado v.2017.2 (lin64) Build 1909853 Thu Jun 15 18:39:10 MDT 2017
| Date         : Tue Nov  7 16:49:31 2017
| Host         : yanxiang-W520 running 64-bit Ubuntu 16.04.1 LTS
| Command      : upgrade_ip
| Device       : xc7z010clg400-1
------------------------------------------------------------------------------------

Upgrade Log for IP 'design_1_d_axi_i2s_audio_0_0'

1. Summary
----------

SUCCESS in the conversion of design_1_d_axi_i2s_audio_0_0 (digilentinc.com:user:d_axi_i2s_audio:2.0 (Rev. 52)) to Vivado generation flows.






Copyright 1986-2017 Xilinx, Inc. All Rights Reserved.
------------------------------------------------------------------------------------
| Tool Version : Vivado v.2017.2 (lin64) Build 1909853 Thu Jun 15 18:39:10 MDT 2017
| Date         : Tue Nov  7 16:49:31 2017
| Host         : yanxiang-W520 running 64-bit Ubuntu 16.04.1 LTS
| Command      : upgrade_ip
| Device       : xc7z010clg400-1
------------------------------------------------------------------------------------

Upgrade Log for IP 'design_1_axi_mem_intercon_0'

1. Summary
----------

SUCCESS in the upgrade of design_1_axi_mem_intercon_0 (xilinx.com:ip:axi_interconnect:2.1) from (Rev. 12) to (Rev. 14)






Copyright 1986-2017 Xilinx, Inc. All Rights Reserved.
------------------------------------------------------------------------------------
| Tool Version : Vivado v.2017.2 (lin64) Build 1909853 Thu Jun 15 18:39:10 MDT 2017
| Date         : Tue Nov  7 16:49:31 2017
| Host         : yanxiang-W520 running 64-bit Ubuntu 16.04.1 LTS
| Command      : upgrade_ip
| Device       : xc7z010clg400-1
------------------------------------------------------------------------------------

Upgrade Log for IP 'design_1_axi_iic_0_0'

1. Summary
----------

SUCCESS in the upgrade of design_1_axi_iic_0_0 (xilinx.com:ip:axi_iic:2.0) from (Rev. 14) to (Rev. 16)






Copyright 1986-2017 Xilinx, Inc. All Rights Reserved.
------------------------------------------------------------------------------------
| Tool Version : Vivado v.2017.2 (lin64) Build 1909853 Thu Jun 15 18:39:10 MDT 2017
| Date         : Tue Nov  7 16:49:31 2017
| Host         : yanxiang-W520 running 64-bit Ubuntu 16.04.1 LTS
| Command      : upgrade_ip
| Device       : xc7z010clg400-1
------------------------------------------------------------------------------------

Upgrade Log for IP 'design_1_axi_gpio_0_0'

1. Summary
----------

SUCCESS in the upgrade of design_1_axi_gpio_0_0 (xilinx.com:ip:axi_gpio:2.0) from (Rev. 13) to (Rev. 15)






Copyright 1986-2017 Xilinx, Inc. All Rights Reserved.
------------------------------------------------------------------------------------
| Tool Version : Vivado v.2017.2 (lin64) Build 1909853 Thu Jun 15 18:39:10 MDT 2017
| Date         : Tue Nov  7 16:49:31 2017
| Host         : yanxiang-W520 running 64-bit Ubuntu 16.04.1 LTS
| Command      : upgrade_ip
| Device       : xc7z010clg400-1
------------------------------------------------------------------------------------

Upgrade Log for IP 'design_1_axi_dma_0_0'

1. Summary
----------

SUCCESS in the upgrade of design_1_axi_dma_0_0 (xilinx.com:ip:axi_dma:7.1) from (Rev. 12) to (Rev. 14)

